  RRT.c
C:\Users\ebert\Desktop\flann\flann\src\cpp\flann\util\serialization.h(427,1): warning C4267: 'argument': conversion from 'size_t' to 'int', possible loss of data
C:\Users\ebert\Desktop\flann\flann\src\cpp\flann\util\serialization.h(445,1): warning C4267: 'argument': conversion from 'size_t' to 'int', possible loss of data
C:\Users\ebert\Desktop\flann\flann\src\cpp\flann\util\serialization.h(576,1): warning C4267: 'argument': conversion from 'size_t' to 'long', possible loss of data
C:\Users\ebert\Desktop\flann\flann\src\cpp\flann\util\serialization.h(613,1): warning C4267: 'argument': conversion from 'size_t' to 'int', possible loss of data
C:\Users\ebert\Desktop\flann\flann\src\cpp\flann\util\serialization.h(627,1): warning C4267: 'argument': conversion from 'size_t' to 'long', possible loss of data
C:\Users\ebert\Desktop\flann\flann\src\cpp\flann\util\serialization.h(652,1): warning C4267: 'argument': conversion from 'size_t' to 'long', possible loss of data
C:\Users\ebert\Desktop\flann\flann\src\cpp\flann\util\serialization.h(690,1): warning C4267: 'argument': conversion from 'size_t' to 'int', possible loss of data
C:\Users\ebert\Desktop\flann\flann\src\cpp\flann\util\saving.h(109,59): warning C4267: 'initializing': conversion from 'size_t' to 'int', possible loss of data
C:\Users\ebert\Desktop\flann\flann\src\cpp\flann\util\allocator.h(199,41): warning C4267: 'argument': conversion from 'size_t' to 'int', possible loss of data
C:\Users\ebert\Desktop\flann\flann\src\cpp\flann\util\lsh_table.h(448,1): warning C4267: 'argument': conversion from 'size_t' to '_Ty', possible loss of data
          with
          [
              _Ty=std::seed_seq::result_type
          ]
C:\Users\ebert\Desktop\flann\flann\src\cpp\flann\util\lsh_table.h(456,1): warning C4267: 'argument': conversion from 'size_t' to '_Ty', possible loss of data
          with
          [
              _Ty=std::seed_seq::result_type
          ]
C:\Users\ebert\Documents\codes\SSL\repo\SSL_RRT\RRT\RRT.c(83,35): warning C4244: 'argument': conversion from 'float' to 'int', possible loss of data
C:\Users\ebert\Documents\codes\SSL\repo\SSL_RRT\RRT\RRT.c(83,21): warning C4244: 'argument': conversion from 'float' to 'int', possible loss of data
C:\Users\ebert\Documents\codes\SSL\repo\SSL_RRT\RRT\RRT.c(114,34): warning C4267: 'initializing': conversion from 'size_t' to 'int', possible loss of data
C:\Users\ebert\Documents\codes\SSL\repo\SSL_RRT\RRT\RRT.c(128,18): warning C4244: '=': conversion from 'double' to 'float', possible loss of data
C:\Users\ebert\Desktop\flann\flann\src\cpp\flann\util\lsh_table.h(262,1): warning C4267: '=': conversion from 'size_t' to 'unsigned int', possible loss of data
C:\Users\ebert\Desktop\flann\flann\src\cpp\flann\util\lsh_table.h(260,1): message : while compiling class template member function 'void flann::lsh::LshTable<unsigned char>::initialize(size_t)'
C:\Users\ebert\Desktop\flann\flann\src\cpp\flann\util\lsh_table.h(360,15): message : see reference to function template instantiation 'void flann::lsh::LshTable<unsigned char>::initialize(size_t)' being compiled
C:\Users\ebert\Desktop\flann\flann\src\cpp\flann\util\lsh_table.h(358,41): message : see reference to class template instantiation 'flann::lsh::LshTable<unsigned char>' being compiled
C:\Users\ebert\Desktop\flann\flann\src\cpp\flann\algorithms\nn_index.h(614,32): warning C4267: '+=': conversion from 'size_t' to 'int', possible loss of data
C:\Users\ebert\Desktop\flann\flann\src\cpp\flann\algorithms\nn_index.h(602,1): message : while compiling class template member function 'int flann::NNIndex<Distance>::radiusSearch(const flann::Matrix<float> &,std::vector<std::vector<size_t,std::allocator<size_t>>,std::allocator<std::vector<size_t,std::allocator<size_t>>>> &,std::vector<std::vector<float,std::allocator<float>>,std::allocator<std::vector<float,std::allocator<float>>>> &,float,const flann::SearchParams &) const'
          with
          [
              Distance=flann::L2_Simple<float>
          ]
C:\Users\ebert\Desktop\flann\flann\src\cpp\flann\algorithms\nn_index.h(683,17): message : see reference to function template instantiation 'int flann::NNIndex<Distance>::radiusSearch(const flann::Matrix<float> &,std::vector<std::vector<size_t,std::allocator<size_t>>,std::allocator<std::vector<size_t,std::allocator<size_t>>>> &,std::vector<std::vector<float,std::allocator<float>>,std::allocator<std::vector<float,std::allocator<float>>>> &,float,const flann::SearchParams &) const' being compiled
          with
          [
              Distance=flann::L2_Simple<float>
          ]
C:\Users\ebert\Desktop\flann\flann\src\cpp\flann\flann.hpp(131,1): message : see reference to class template instantiation 'flann::NNIndex<Distance>' being compiled
          with
          [
              Distance=flann::L2_Simple<float>
          ]
C:\Users\ebert\Desktop\flann\flann\src\cpp\flann\flann.hpp(130,1): message : while compiling class template member function 'flann::Index<flann::L2_Simple<float>>::~Index(void)'
C:\Users\ebert\Documents\codes\SSL\repo\SSL_RRT\RRT\Tree.h(60,43): message : see reference to class template instantiation 'flann::Index<flann::L2_Simple<float>>' being compiled
C:\Users\ebert\Desktop\flann\flann\src\cpp\flann\algorithms\nn_index.h(632,19): warning C4267: '+=': conversion from 'size_t' to 'int', possible loss of data
C:\Users\ebert\Desktop\flann\flann\src\cpp\flann\algorithms\nn_index.h(652,19): warning C4267: '+=': conversion from 'size_t' to 'int', possible loss of data
C:\Users\ebert\Desktop\flann\flann\src\cpp\flann\algorithms\nn_index.h(581,1): warning C4267: '=': conversion from 'size_t' to 'T', possible loss of data
          with
          [
              T=int
          ]
C:\Users\ebert\Desktop\flann\flann\src\cpp\flann\algorithms\nn_index.h(575,1): message : while compiling class template member function 'int flann::NNIndex<Distance>::radiusSearch(const flann::Matrix<float> &,flann::Matrix<int> &,flann::Matrix<float> &,float,const flann::SearchParams &) const'
          with
          [
              Distance=flann::L2_Simple<float>
          ]
C:\Users\ebert\Desktop\flann\flann\src\cpp\flann\algorithms\nn_index.h(497,1): warning C4267: '=': conversion from 'size_t' to 'int', possible loss of data
C:\Users\ebert\Desktop\flann\flann\src\cpp\flann\algorithms\nn_index.h(492,1): message : while compiling class template member function 'int flann::NNIndex<Distance>::radiusSearch(const flann::Matrix<float> &,flann::Matrix<size_t> &,flann::Matrix<float> &,float,const flann::SearchParams &) const'
          with
          [
              Distance=flann::L2_Simple<float>
          ]
C:\Users\ebert\Desktop\flann\flann\src\cpp\flann\algorithms\nn_index.h(577,17): message : see reference to function template instantiation 'int flann::NNIndex<Distance>::radiusSearch(const flann::Matrix<float> &,flann::Matrix<size_t> &,flann::Matrix<float> &,float,const flann::SearchParams &) const' being compiled
          with
          [
              Distance=flann::L2_Simple<float>
          ]
C:\Users\ebert\Desktop\flann\flann\src\cpp\flann\algorithms\nn_index.h(508,32): warning C4267: '+=': conversion from 'size_t' to 'int', possible loss of data
C:\Users\ebert\Desktop\flann\flann\src\cpp\flann\algorithms\nn_index.h(524,19): warning C4267: '+=': conversion from 'size_t' to 'int', possible loss of data
C:\Users\ebert\Desktop\flann\flann\src\cpp\flann\algorithms\nn_index.h(545,19): warning C4267: '+=': conversion from 'size_t' to 'int', possible loss of data
C:\Users\ebert\Desktop\flann\flann\src\cpp\flann\algorithms\nn_index.h(425,15): warning C4267: '+=': conversion from 'size_t' to 'int', possible loss of data
C:\Users\ebert\Desktop\flann\flann\src\cpp\flann\algorithms\nn_index.h(396,1): message : while compiling class template member function 'int flann::NNIndex<Distance>::knnSearch(const flann::Matrix<float> &,std::vector<std::vector<size_t,std::allocator<size_t>>,std::allocator<std::vector<size_t,std::allocator<size_t>>>> &,std::vector<std::vector<float,std::allocator<float>>,std::allocator<std::vector<float,std::allocator<float>>>> &,size_t,const flann::SearchParams &) const'
          with
          [
              Distance=flann::L2_Simple<float>
          ]
C:\Users\ebert\Desktop\flann\flann\src\cpp\flann\algorithms\nn_index.h(469,17): message : see reference to function template instantiation 'int flann::NNIndex<Distance>::knnSearch(const flann::Matrix<float> &,std::vector<std::vector<size_t,std::allocator<size_t>>,std::allocator<std::vector<size_t,std::allocator<size_t>>>> &,std::vector<std::vector<float,std::allocator<float>>,std::allocator<std::vector<float,std::allocator<float>>>> &,size_t,const flann::SearchParams &) const' being compiled
          with
          [
              Distance=flann::L2_Simple<float>
          ]
C:\Users\ebert\Desktop\flann\flann\src\cpp\flann\algorithms\nn_index.h(444,15): warning C4267: '+=': conversion from 'size_t' to 'int', possible loss of data
C:\Users\ebert\Desktop\flann\flann\src\cpp\flann\algorithms\nn_index.h(375,1): warning C4267: '=': conversion from 'size_t' to 'T', possible loss of data
          with
          [
              T=int
          ]
C:\Users\ebert\Desktop\flann\flann\src\cpp\flann\algorithms\nn_index.h(369,1): message : while compiling class template member function 'int flann::NNIndex<Distance>::knnSearch(const flann::Matrix<float> &,flann::Matrix<int> &,flann::Matrix<float> &,size_t,const flann::SearchParams &) const'
          with
          [
              Distance=flann::L2_Simple<float>
          ]
C:\Users\ebert\Desktop\flann\flann\src\cpp\flann\algorithms\nn_index.h(333,18): warning C4267: '+=': conversion from 'size_t' to 'int', possible loss of data
C:\Users\ebert\Desktop\flann\flann\src\cpp\flann\algorithms\nn_index.h(306,1): message : while compiling class template member function 'int flann::NNIndex<Distance>::knnSearch(const flann::Matrix<float> &,flann::Matrix<size_t> &,flann::Matrix<float> &,size_t,const flann::SearchParams &) const'
          with
          [
              Distance=flann::L2_Simple<float>
          ]
C:\Users\ebert\Desktop\flann\flann\src\cpp\flann\algorithms\nn_index.h(371,17): message : see reference to function template instantiation 'int flann::NNIndex<Distance>::knnSearch(const flann::Matrix<float> &,flann::Matrix<size_t> &,flann::Matrix<float> &,size_t,const flann::SearchParams &) const' being compiled
          with
          [
              Distance=flann::L2_Simple<float>
          ]
C:\Users\ebert\Desktop\flann\flann\src\cpp\flann\algorithms\nn_index.h(348,18): warning C4267: '+=': conversion from 'size_t' to 'int', possible loss of data
C:\Program Files\Microsoft Visual Studio\2022\Community\VC\Tools\MSVC\14.35.32215\include\vector(1485,1): warning C4267: '=': conversion from 'size_t' to 'int', possible loss of data
C:\Program Files\Microsoft Visual Studio\2022\Community\VC\Tools\MSVC\14.35.32215\include\vector(1515,1): message : see reference to function template instantiation 'void std::vector<int,std::allocator<int>>::_Assign_counted_range<unsigned __int64*>(_Iter,const unsigned __int64)' being compiled
          with
          [
              _Iter=unsigned __int64 *
          ]
C:\Program Files\Microsoft Visual Studio\2022\Community\VC\Tools\MSVC\14.35.32215\include\vector(1515,34): message : see reference to function template instantiation 'void std::vector<int,std::allocator<int>>::_Assign_counted_range<unsigned __int64*>(_Iter,const unsigned __int64)' being compiled
          with
          [
              _Iter=unsigned __int64 *
          ]
C:\Users\ebert\Desktop\flann\flann\src\cpp\flann\algorithms\nn_index.h(687): message : see reference to function template instantiation 'void std::vector<int,std::allocator<int>>::assign<std::_Vector_iterator<std::_Vector_val<std::_Simple_types<_Ty>>>,0>(_Iter,_Iter)' being compiled
          with
          [
              _Ty=size_t,
              _Iter=std::_Vector_iterator<std::_Vector_val<std::_Simple_types<size_t>>>
          ]
C:\Users\ebert\Desktop\flann\flann\src\cpp\flann\algorithms\nn_index.h(687,30): message : see reference to function template instantiation 'void std::vector<int,std::allocator<int>>::assign<std::_Vector_iterator<std::_Vector_val<std::_Simple_types<_Ty>>>,0>(_Iter,_Iter)' being compiled
          with
          [
              _Ty=size_t,
              _Iter=std::_Vector_iterator<std::_Vector_val<std::_Simple_types<size_t>>>
          ]
C:\Users\ebert\Desktop\flann\flann\src\cpp\flann\algorithms\nn_index.h(681,1): message : while compiling class template member function 'int flann::NNIndex<Distance>::radiusSearch(const flann::Matrix<float> &,std::vector<std::vector<int,std::allocator<int>>,std::allocator<std::vector<int,std::allocator<int>>>> &,std::vector<std::vector<float,std::allocator<float>>,std::allocator<std::vector<float,std::allocator<float>>>> &,float,const flann::SearchParams &) const'
          with
          [
              Distance=flann::L2_Simple<float>
          ]
C:\Program Files\Microsoft Visual Studio\2022\Community\VC\Tools\MSVC\14.35.32215\include\xutility(4261): warning C4267: '=': conversion from 'size_t' to 'int', possible loss of data
C:\Program Files\Microsoft Visual Studio\2022\Community\VC\Tools\MSVC\14.35.32215\include\vector(1499,1): message : see reference to function template instantiation '_OutIt *std::_Copy_n_unchecked4<unsigned __int64*,unsigned __int64,int*>(_InIt,_SizeTy,_OutIt)' being compiled
          with
          [
              _OutIt=int *,
              _InIt=unsigned __int64 *,
              _SizeTy=unsigned __int64
          ]
C:\Program Files\Microsoft Visual Studio\2022\Community\VC\Tools\MSVC\14.35.32215\include\vector(1515,1): message : see reference to function template instantiation 'void std::vector<int,std::allocator<int>>::_Assign_counted_range<unsigned __int64*>(_Iter,const unsigned __int64)' being compiled
          with
          [
              _Iter=unsigned __int64 *
          ]
C:\Program Files\Microsoft Visual Studio\2022\Community\VC\Tools\MSVC\14.35.32215\include\vector(1515,34): message : see reference to function template instantiation 'void std::vector<int,std::allocator<int>>::_Assign_counted_range<unsigned __int64*>(_Iter,const unsigned __int64)' being compiled
          with
          [
              _Iter=unsigned __int64 *
          ]
C:\Program Files\Microsoft Visual Studio\2022\Community\VC\Tools\MSVC\14.35.32215\include\xutility(261): warning C4267: 'initializing': conversion from 'size_t' to '_Ty', possible loss of data
          with
          [
              _Ty=int
          ]
C:\Program Files\Microsoft Visual Studio\2022\Community\VC\Tools\MSVC\14.35.32215\include\xutility(260,16): message : see reference to function template instantiation '_Ty *std::construct_at<_Objty,unsigned __int64&,0x0>(_Ty *const ,unsigned __int64 &) noexcept(<expr>)' being compiled
          with
          [
              _Ty=int,
              _Objty=int
          ]
C:\Program Files\Microsoft Visual Studio\2022\Community\VC\Tools\MSVC\14.35.32215\include\xmemory(1659): message : see reference to function template instantiation 'void std::_Default_allocator_traits<_Alloc>::construct<_Ty,unsigned __int64&>(_Alloc &,_Objty *const ,unsigned __int64 &)' being compiled
          with
          [
              _Alloc=std::allocator<int>,
              _Ty=int,
              _Objty=int
          ]
C:\Program Files\Microsoft Visual Studio\2022\Community\VC\Tools\MSVC\14.35.32215\include\xmemory(1660,44): message : see reference to function template instantiation 'void std::_Default_allocator_traits<_Alloc>::construct<_Ty,unsigned __int64&>(_Alloc &,_Objty *const ,unsigned __int64 &)' being compiled
          with
          [
              _Alloc=std::allocator<int>,
              _Ty=int,
              _Objty=int
          ]
C:\Program Files\Microsoft Visual Studio\2022\Community\VC\Tools\MSVC\14.35.32215\include\xmemory(1722): message : see reference to function template instantiation 'void std::_Uninitialized_backout_al<std::allocator<int>>::_Emplace_back<unsigned __int64&>(unsigned __int64 &)' being compiled
C:\Program Files\Microsoft Visual Studio\2022\Community\VC\Tools\MSVC\14.35.32215\include\xmemory(1746,31): message : see reference to function template instantiation 'void std::_Uninitialized_backout_al<std::allocator<int>>::_Emplace_back<unsigned __int64&>(unsigned __int64 &)' being compiled
C:\Program Files\Microsoft Visual Studio\2022\Community\VC\Tools\MSVC\14.35.32215\include\vector(1460,1): message : see reference to function template instantiation 'int *std::_Uninitialized_copy_n<unsigned __int64*,std::allocator<int>>(_InIt,size_t,int *,_Alloc &)' being compiled
          with
          [
              _InIt=unsigned __int64 *,
              _Alloc=std::allocator<int>
          ]
C:\Program Files\Microsoft Visual Studio\2022\Community\VC\Tools\MSVC\14.35.32215\include\xmemory(673): warning C4267: 'initializing': conversion from 'size_t' to '_Objty', possible loss of data
          with
          [
              _Objty=int
          ]
C:\Program Files\Microsoft Visual Studio\2022\Community\VC\Tools\MSVC\14.35.32215\include\xutility(261): warning C4267: 'initializing': conversion from 'size_t' to '_Objty', possible loss of data
          with
          [
              _Objty=int
          ]
C:\Program Files\Microsoft Visual Studio\2022\Community\VC\Tools\MSVC\14.35.32215\include\xmemory(673): message : see reference to function template instantiation '_Ty *std::construct_at<_Objty,unsigned __int64&,0x0>(_Ty *const ,unsigned __int64 &) noexcept' being compiled
          with
          [
              _Ty=int,
              _Objty=int
          ]
C:\Program Files\Microsoft Visual Studio\2022\Community\VC\Tools\MSVC\14.35.32215\include\xmemory(1659): message : see reference to function template instantiation 'void std::_Default_allocator_traits<_Alloc>::construct<_Ty,unsigned __int64&>(_Alloc &,_Objty *const ,unsigned __int64 &)' being compiled
          with
          [
              _Alloc=std::allocator<int>,
              _Ty=int,
              _Objty=int
          ]
C:\Program Files\Microsoft Visual Studio\2022\Community\VC\Tools\MSVC\14.35.32215\include\xmemory(1660,44): message : see reference to function template instantiation 'void std::_Default_allocator_traits<_Alloc>::construct<_Ty,unsigned __int64&>(_Alloc &,_Objty *const ,unsigned __int64 &)' being compiled
          with
          [
              _Alloc=std::allocator<int>,
              _Ty=int,
              _Objty=int
          ]
     Creating library C:\Users\ebert\Documents\codes\SSL\repo\SSL_RRT\x64\Release\RRT.lib and object C:\Users\ebert\Documents\codes\SSL\repo\SSL_RRT\x64\Release\RRT.exp
  Generating code
  1 of 3318 functions (<0.1%) were compiled, the rest were copied from previous compilation.
    0 functions were new in current compilation
    4 functions had inline decision re-evaluated but remain unchanged
  Finished generating code
  RRT.vcxproj -> C:\Users\ebert\Documents\codes\SSL\repo\SSL_RRT\x64\Release\RRT.dll
