  dllmain.c
C:\Program Files (x86)\vcpkg\installed\x64-windows\include\flann\util\serialization.h(427,1): warning C4267: 'argument': conversion from 'size_t' to 'int', possible loss of data
C:\Program Files (x86)\vcpkg\installed\x64-windows\include\flann\util\serialization.h(445,1): warning C4267: 'argument': conversion from 'size_t' to 'int', possible loss of data
C:\Program Files (x86)\vcpkg\installed\x64-windows\include\flann\util\serialization.h(576,1): warning C4267: 'argument': conversion from 'size_t' to 'long', possible loss of data
C:\Program Files (x86)\vcpkg\installed\x64-windows\include\flann\util\serialization.h(613,1): warning C4267: 'argument': conversion from 'size_t' to 'int', possible loss of data
C:\Program Files (x86)\vcpkg\installed\x64-windows\include\flann\util\serialization.h(627,1): warning C4267: 'argument': conversion from 'size_t' to 'long', possible loss of data
C:\Program Files (x86)\vcpkg\installed\x64-windows\include\flann\util\serialization.h(652,1): warning C4267: 'argument': conversion from 'size_t' to 'long', possible loss of data
C:\Program Files (x86)\vcpkg\installed\x64-windows\include\flann\util\serialization.h(690,1): warning C4267: 'argument': conversion from 'size_t' to 'int', possible loss of data
C:\Program Files (x86)\vcpkg\installed\x64-windows\include\flann\util\saving.h(109,59): warning C4267: 'initializing': conversion from 'size_t' to 'int', possible loss of data
C:\Program Files (x86)\vcpkg\installed\x64-windows\include\flann\util\allocator.h(199,41): warning C4267: 'argument': conversion from 'size_t' to 'int', possible loss of data
C:\Program Files (x86)\vcpkg\installed\x64-windows\include\flann\util\lsh_table.h(448,1): warning C4267: 'argument': conversion from 'size_t' to '_Ty', possible loss of data
          with
          [
              _Ty=std::seed_seq::result_type
          ]
C:\Program Files (x86)\vcpkg\installed\x64-windows\include\flann\util\lsh_table.h(456,1): warning C4267: 'argument': conversion from 'size_t' to '_Ty', possible loss of data
          with
          [
              _Ty=std::seed_seq::result_type
          ]
C:\Users\anton\source\repos\RRT\RRT\dllmain.c(52,35): warning C4244: 'argument': conversion from 'float' to 'int', possible loss of data
C:\Users\anton\source\repos\RRT\RRT\dllmain.c(52,21): warning C4244: 'argument': conversion from 'float' to 'int', possible loss of data
C:\Users\anton\source\repos\RRT\RRT\dllmain.c(83,34): warning C4267: 'initializing': conversion from 'size_t' to 'int', possible loss of data
C:\Users\anton\source\repos\RRT\RRT\dllmain.c(96,31): warning C4244: '=': conversion from '_Rep' to 'float', possible loss of data
          with
          [
              _Rep=double
          ]
C:\Program Files (x86)\vcpkg\installed\x64-windows\include\flann\util\lsh_table.h(262,1): warning C4267: '=': conversion from 'size_t' to 'unsigned int', possible loss of data
C:\Program Files (x86)\vcpkg\installed\x64-windows\include\flann\util\lsh_table.h(260): message : while compiling class template member function 'void flann::lsh::LshTable<unsigned char>::initialize(size_t)'
C:\Program Files (x86)\vcpkg\installed\x64-windows\include\flann\util\lsh_table.h(360): message : see reference to function template instantiation 'void flann::lsh::LshTable<unsigned char>::initialize(size_t)' being compiled
C:\Program Files (x86)\vcpkg\installed\x64-windows\include\flann\util\lsh_table.h(358): message : see reference to class template instantiation 'flann::lsh::LshTable<unsigned char>' being compiled
C:\Program Files (x86)\vcpkg\installed\x64-windows\include\flann\algorithms\nn_index.h(340,1): warning C4267: '+=': conversion from 'size_t' to 'int', possible loss of data
C:\Program Files (x86)\vcpkg\installed\x64-windows\include\flann\algorithms\nn_index.h(313): message : while compiling class template member function 'int flann::NNIndex<Distance>::knnSearch(const flann::Matrix<float> &,flann::Matrix<size_t> &,flann::Matrix<float> &,size_t,const flann::SearchParams &) const'
          with
          [
              Distance=flann::L2_Simple<float>
          ]
C:\Program Files (x86)\vcpkg\installed\x64-windows\include\flann\flann.hpp(131): message : see reference to class template instantiation 'flann::NNIndex<Distance>' being compiled
          with
          [
              Distance=flann::L2_Simple<float>
          ]
C:\Program Files (x86)\vcpkg\installed\x64-windows\include\flann\flann.hpp(130): message : while compiling class template member function 'flann::Index<flann::L2_Simple<float>>::~Index(void)'
C:\Users\anton\source\repos\RRT\RRT\Tree.h(60): message : see reference to class template instantiation 'flann::Index<flann::L2_Simple<float>>' being compiled
C:\Program Files (x86)\vcpkg\installed\x64-windows\include\flann\algorithms\nn_index.h(355,1): warning C4267: '+=': conversion from 'size_t' to 'int', possible loss of data
  RRT.vcxproj -> C:\Users\anton\source\repos\RRT\x64\Debug\RRT.dll
